-----02-05-2018 @ 19:16:21 ------
schedule_update_user_items
-----02-05-2018 @ 19:26:12 ------
schedule_update_user_items
-----02-05-2018 @ 19:36:11 ------
schedule_update_user_items
-----02-05-2018 @ 19:47:20 ------
schedule_update_user_items
-----02-05-2018 @ 19:56:05 ------
schedule_update_user_items
-----02-05-2018 @ 20:06:06 ------
schedule_update_user_items
-----02-05-2018 @ 20:16:29 ------
schedule_update_user_items
-----02-05-2018 @ 20:26:31 ------
schedule_update_user_items
-----02-05-2018 @ 20:36:19 ------
schedule_update_user_items
-----02-05-2018 @ 20:46:29 ------
schedule_update_user_items
-----02-05-2018 @ 20:56:52 ------
schedule_update_user_items
-----02-05-2018 @ 21:06:12 ------
schedule_update_user_items
-----02-05-2018 @ 21:16:06 ------
schedule_update_user_items
-----02-05-2018 @ 21:26:02 ------
schedule_update_user_items
-----02-05-2018 @ 21:37:25 ------
schedule_update_user_items
-----02-05-2018 @ 21:46:02 ------
schedule_update_user_items
-----02-05-2018 @ 21:56:06 ------
schedule_update_user_items
-----02-05-2018 @ 22:06:04 ------
schedule_update_user_items
-----02-05-2018 @ 22:17:31 ------
schedule_update_user_items
-----02-05-2018 @ 22:26:37 ------
schedule_update_user_items
-----02-05-2018 @ 22:36:10 ------
schedule_update_user_items
-----02-05-2018 @ 22:47:17 ------
schedule_update_user_items
-----02-05-2018 @ 22:56:06 ------
schedule_update_user_items
-----02-05-2018 @ 23:06:06 ------
schedule_update_user_items
-----02-05-2018 @ 23:17:20 ------
schedule_update_user_items
-----02-05-2018 @ 23:31:04 ------
schedule_update_user_items
-----02-05-2018 @ 23:36:05 ------
schedule_update_user_items
-----02-05-2018 @ 23:46:23 ------
schedule_update_user_items
-----02-05-2018 @ 23:56:26 ------
schedule_update_user_items
-----02-06-2018 @ 00:06:06 ------
schedule_update_user_items
-----02-06-2018 @ 00:16:05 ------
schedule_update_user_items
-----02-06-2018 @ 00:26:26 ------
schedule_update_user_items
-----02-06-2018 @ 00:36:05 ------
schedule_update_user_items
-----02-06-2018 @ 00:46:07 ------
schedule_update_user_items
-----02-06-2018 @ 00:56:11 ------
schedule_update_user_items
-----02-06-2018 @ 01:06:13 ------
schedule_update_user_items
-----02-06-2018 @ 01:16:16 ------
schedule_update_user_items
-----02-06-2018 @ 01:26:17 ------
schedule_update_user_items
-----02-06-2018 @ 01:37:02 ------
schedule_update_user_items
-----02-06-2018 @ 01:47:03 ------
schedule_update_user_items
-----02-06-2018 @ 01:56:14 ------
schedule_update_user_items
-----02-06-2018 @ 02:06:56 ------
schedule_update_user_items
-----02-06-2018 @ 02:16:16 ------
schedule_update_user_items
-----02-06-2018 @ 02:27:16 ------
schedule_update_user_items
-----02-06-2018 @ 02:36:41 ------
schedule_update_user_items
-----02-06-2018 @ 02:47:21 ------
schedule_update_user_items
-----02-06-2018 @ 02:56:09 ------
schedule_update_user_items
-----02-06-2018 @ 03:06:37 ------
schedule_update_user_items
-----02-06-2018 @ 03:16:04 ------
schedule_update_user_items
-----02-06-2018 @ 03:26:27 ------
schedule_update_user_items
-----02-06-2018 @ 03:36:07 ------
schedule_update_user_items
-----02-06-2018 @ 03:46:19 ------
schedule_update_user_items
-----02-06-2018 @ 03:47:39 ------
404: File /var/www/vhosts/ityvu.com/httpdocs/ityvu.com/wp-content/plugins/learnpress/inc/class-lp-page-controller.php, line #373
-----02-06-2018 @ 03:56:09 ------
schedule_update_user_items
-----02-06-2018 @ 04:06:12 ------
schedule_update_user_items
-----02-06-2018 @ 04:16:25 ------
schedule_update_user_items
-----02-06-2018 @ 04:26:15 ------
schedule_update_user_items
-----02-06-2018 @ 04:36:04 ------
schedule_update_user_items
-----02-06-2018 @ 04:46:09 ------
schedule_update_user_items
-----02-06-2018 @ 04:57:21 ------
schedule_update_user_items
-----02-06-2018 @ 05:11:10 ------
schedule_update_user_items
-----02-06-2018 @ 05:18:19 ------
schedule_update_user_items
-----02-06-2018 @ 05:42:10 ------
schedule_update_user_items
-----02-06-2018 @ 05:46:56 ------
schedule_update_user_items
-----02-06-2018 @ 05:56:28 ------
schedule_update_user_items
-----02-06-2018 @ 06:13:10 ------
schedule_update_user_items
-----02-06-2018 @ 06:17:55 ------
schedule_update_user_items
-----02-06-2018 @ 06:26:40 ------
schedule_update_user_items
-----02-06-2018 @ 06:41:06 ------
schedule_update_user_items
-----02-06-2018 @ 06:49:37 ------
schedule_update_user_items
-----02-06-2018 @ 07:00:58 ------
schedule_update_user_items
-----02-06-2018 @ 07:08:10 ------
schedule_update_user_items
-----02-06-2018 @ 07:34:13 ------
schedule_update_user_items
-----02-06-2018 @ 07:36:36 ------
schedule_update_user_items
-----02-06-2018 @ 07:46:08 ------
schedule_update_user_items
-----02-06-2018 @ 08:09:59 ------
schedule_update_user_items
-----02-06-2018 @ 08:48:07 ------
schedule_update_user_items
-----02-06-2018 @ 09:16:44 ------
schedule_update_user_items
-----02-06-2018 @ 09:33:49 ------
schedule_update_user_items
-----02-06-2018 @ 09:36:04 ------
schedule_update_user_items
-----02-06-2018 @ 09:47:43 ------
schedule_update_user_items
-----02-06-2018 @ 09:57:16 ------
schedule_update_user_items
-----02-06-2018 @ 10:06:21 ------
schedule_update_user_items
-----02-06-2018 @ 10:16:19 ------
schedule_update_user_items
-----02-06-2018 @ 10:38:40 ------
schedule_update_user_items
-----02-06-2018 @ 10:46:50 ------
schedule_update_user_items
-----02-06-2018 @ 11:43:17 ------
schedule_update_user_items
-----02-06-2018 @ 11:46:22 ------
schedule_update_user_items
-----02-06-2018 @ 12:00:24 ------
schedule_update_user_items
-----02-06-2018 @ 12:16:46 ------
schedule_update_user_items
-----02-06-2018 @ 12:37:39 ------
schedule_update_user_items
-----02-06-2018 @ 12:47:36 ------
schedule_update_user_items
-----02-06-2018 @ 13:00:53 ------
schedule_update_user_items
-----02-06-2018 @ 13:17:19 ------
schedule_update_user_items
-----02-06-2018 @ 13:34:26 ------
schedule_update_user_items
-----02-06-2018 @ 13:52:36 ------
schedule_update_user_items
-----02-06-2018 @ 13:57:08 ------
schedule_update_user_items
-----02-06-2018 @ 14:13:06 ------
schedule_update_user_items
-----02-06-2018 @ 14:27:40 ------
schedule_update_user_items
-----02-06-2018 @ 14:46:19 ------
schedule_update_user_items
-----02-06-2018 @ 15:00:24 ------
schedule_update_user_items
-----02-06-2018 @ 15:28:31 ------
schedule_update_user_items
-----02-06-2018 @ 15:39:17 ------
schedule_update_user_items
-----02-06-2018 @ 15:47:31 ------
schedule_update_user_items
-----02-06-2018 @ 16:15:14 ------
schedule_update_user_items
-----02-06-2018 @ 16:16:40 ------
schedule_update_user_items
-----02-06-2018 @ 16:26:59 ------
schedule_update_user_items
-----02-06-2018 @ 16:36:29 ------
schedule_update_user_items
-----02-06-2018 @ 16:46:42 ------
schedule_update_user_items
-----02-06-2018 @ 16:56:17 ------
schedule_update_user_items
-----02-06-2018 @ 17:06:56 ------
schedule_update_user_items
-----02-06-2018 @ 17:16:17 ------
schedule_update_user_items
-----02-06-2018 @ 17:26:07 ------
schedule_update_user_items
-----02-06-2018 @ 17:37:26 ------
schedule_update_user_items
-----02-06-2018 @ 17:47:38 ------
schedule_update_user_items
-----02-06-2018 @ 17:57:52 ------
schedule_update_user_items
-----02-06-2018 @ 18:08:03 ------
schedule_update_user_items
-----02-06-2018 @ 18:16:13 ------
schedule_update_user_items
-----02-06-2018 @ 18:26:25 ------
schedule_update_user_items
-----02-06-2018 @ 18:38:43 ------
schedule_update_user_items
-----02-06-2018 @ 18:46:50 ------
schedule_update_user_items
-----02-06-2018 @ 18:57:03 ------
schedule_update_user_items
-----02-06-2018 @ 19:07:13 ------
schedule_update_user_items
-----02-06-2018 @ 19:17:25 ------
schedule_update_user_items
-----02-06-2018 @ 19:27:38 ------
schedule_update_user_items
-----02-06-2018 @ 19:37:50 ------
schedule_update_user_items
-----02-06-2018 @ 19:46:52 ------
schedule_update_user_items
-----02-06-2018 @ 19:56:59 ------
schedule_update_user_items
-----02-06-2018 @ 20:06:04 ------
schedule_update_user_items
-----02-06-2018 @ 20:16:26 ------
schedule_update_user_items
-----02-06-2018 @ 20:27:21 ------
schedule_update_user_items
-----02-06-2018 @ 20:38:39 ------
schedule_update_user_items
-----02-06-2018 @ 20:48:22 ------
schedule_update_user_items
-----02-06-2018 @ 21:02:25 ------
schedule_update_user_items
-----02-06-2018 @ 21:21:28 ------
schedule_update_user_items
-----02-06-2018 @ 21:27:44 ------
schedule_update_user_items
-----02-06-2018 @ 21:56:51 ------
schedule_update_user_items
-----02-06-2018 @ 22:07:04 ------
schedule_update_user_items
-----02-06-2018 @ 22:17:17 ------
schedule_update_user_items
-----02-06-2018 @ 22:27:29 ------
schedule_update_user_items
-----02-06-2018 @ 22:37:41 ------
schedule_update_user_items
-----02-06-2018 @ 22:47:53 ------
schedule_update_user_items
-----02-06-2018 @ 22:58:06 ------
schedule_update_user_items
-----02-06-2018 @ 23:11:28 ------
schedule_update_user_items
-----02-06-2018 @ 23:20:17 ------
schedule_update_user_items
-----02-06-2018 @ 23:43:40 ------
schedule_update_user_items
-----02-07-2018 @ 00:01:19 ------
schedule_update_user_items
-----02-07-2018 @ 00:34:14 ------
schedule_update_user_items
-----02-07-2018 @ 00:50:19 ------
schedule_update_user_items
-----02-07-2018 @ 00:57:10 ------
schedule_update_user_items
-----02-07-2018 @ 01:14:23 ------
schedule_update_user_items
-----02-07-2018 @ 01:26:24 ------
schedule_update_user_items
-----02-07-2018 @ 01:36:12 ------
schedule_update_user_items
-----02-07-2018 @ 01:55:01 ------
schedule_update_user_items
-----02-07-2018 @ 01:56:04 ------
schedule_update_user_items
-----02-07-2018 @ 02:06:08 ------
schedule_update_user_items
-----02-07-2018 @ 02:17:31 ------
schedule_update_user_items
-----02-07-2018 @ 02:26:34 ------
schedule_update_user_items
-----02-07-2018 @ 02:36:12 ------
schedule_update_user_items
-----02-07-2018 @ 02:46:05 ------
schedule_update_user_items
-----02-07-2018 @ 02:56:04 ------
schedule_update_user_items
-----02-07-2018 @ 03:06:19 ------
schedule_update_user_items
-----02-07-2018 @ 03:16:13 ------
schedule_update_user_items
-----02-07-2018 @ 03:26:16 ------
schedule_update_user_items
-----02-07-2018 @ 03:36:05 ------
schedule_update_user_items
-----02-07-2018 @ 03:46:11 ------
schedule_update_user_items
-----02-07-2018 @ 03:56:23 ------
schedule_update_user_items
-----02-07-2018 @ 04:09:07 ------
schedule_update_user_items
-----02-07-2018 @ 04:16:56 ------
schedule_update_user_items
-----02-07-2018 @ 04:26:16 ------
schedule_update_user_items
-----02-07-2018 @ 04:37:30 ------
schedule_update_user_items
-----02-07-2018 @ 04:46:11 ------
schedule_update_user_items
-----02-07-2018 @ 04:57:10 ------
schedule_update_user_items
-----02-07-2018 @ 05:07:46 ------
schedule_update_user_items
-----02-07-2018 @ 05:17:04 ------
schedule_update_user_items
-----02-07-2018 @ 05:26:57 ------
schedule_update_user_items
-----02-07-2018 @ 05:37:11 ------
schedule_update_user_items
-----02-07-2018 @ 05:46:12 ------
schedule_update_user_items
-----02-07-2018 @ 05:56:55 ------
schedule_update_user_items
-----02-07-2018 @ 06:06:05 ------
schedule_update_user_items
-----02-07-2018 @ 06:16:06 ------
schedule_update_user_items
-----02-07-2018 @ 06:26:16 ------
schedule_update_user_items
-----02-07-2018 @ 06:36:51 ------
schedule_update_user_items
-----02-07-2018 @ 06:46:20 ------
schedule_update_user_items
-----02-07-2018 @ 06:58:26 ------
schedule_update_user_items
-----02-07-2018 @ 07:06:02 ------
schedule_update_user_items
-----02-07-2018 @ 07:16:19 ------
schedule_update_user_items
-----02-07-2018 @ 07:26:22 ------
schedule_update_user_items
-----02-07-2018 @ 07:36:05 ------
schedule_update_user_items
-----02-07-2018 @ 07:46:10 ------
schedule_update_user_items
-----02-07-2018 @ 07:56:06 ------
schedule_update_user_items
-----02-07-2018 @ 08:07:04 ------
schedule_update_user_items
-----02-07-2018 @ 08:17:26 ------
schedule_update_user_items
-----02-07-2018 @ 08:27:03 ------
schedule_update_user_items
-----02-07-2018 @ 08:37:54 ------
schedule_update_user_items
-----02-07-2018 @ 08:47:58 ------
schedule_update_user_items
-----02-07-2018 @ 09:13:42 ------
schedule_update_user_items
-----02-07-2018 @ 09:25:02 ------
schedule_update_user_items
-----02-07-2018 @ 09:51:32 ------
schedule_update_user_items
-----02-07-2018 @ 10:29:23 ------
schedule_update_user_items
-----02-07-2018 @ 10:40:52 ------
schedule_update_user_items
-----02-07-2018 @ 10:52:04 ------
schedule_update_user_items
-----02-07-2018 @ 11:32:16 ------
schedule_update_user_items
-----02-07-2018 @ 11:56:23 ------
schedule_update_user_items
-----02-07-2018 @ 12:19:05 ------
schedule_update_user_items
-----02-07-2018 @ 12:46:29 ------
schedule_update_user_items
-----02-07-2018 @ 14:17:08 ------
schedule_update_user_items
-----02-07-2018 @ 14:27:43 ------
schedule_update_user_items
-----02-07-2018 @ 14:46:37 ------
schedule_update_user_items
-----02-07-2018 @ 15:13:07 ------
schedule_update_user_items
-----02-07-2018 @ 15:25:19 ------
schedule_update_user_items
-----02-07-2018 @ 15:26:56 ------
schedule_update_user_items
-----02-07-2018 @ 15:36:11 ------
schedule_update_user_items
-----02-07-2018 @ 15:46:51 ------
schedule_update_user_items
-----02-07-2018 @ 15:56:07 ------
schedule_update_user_items
-----02-07-2018 @ 16:06:10 ------
schedule_update_user_items
-----02-07-2018 @ 16:16:10 ------
schedule_update_user_items
-----02-07-2018 @ 16:30:13 ------
schedule_update_user_items
-----02-07-2018 @ 16:49:55 ------
schedule_update_user_items
-----02-07-2018 @ 16:56:18 ------
schedule_update_user_items
-----02-07-2018 @ 17:06:23 ------
schedule_update_user_items
-----02-07-2018 @ 17:16:51 ------
schedule_update_user_items
-----02-07-2018 @ 17:31:13 ------
schedule_update_user_items
-----02-07-2018 @ 17:37:46 ------
schedule_update_user_items
-----02-07-2018 @ 17:47:46 ------
schedule_update_user_items
-----02-07-2018 @ 17:56:04 ------
schedule_update_user_items
-----02-07-2018 @ 18:06:30 ------
schedule_update_user_items
-----02-07-2018 @ 18:16:18 ------
schedule_update_user_items
-----02-07-2018 @ 18:26:05 ------
schedule_update_user_items
-----02-07-2018 @ 18:36:31 ------
schedule_update_user_items
-----02-07-2018 @ 18:46:08 ------
schedule_update_user_items
-----02-07-2018 @ 19:07:41 ------
schedule_update_user_items
-----02-07-2018 @ 19:22:50 ------
schedule_update_user_items
-----02-07-2018 @ 19:27:09 ------
schedule_update_user_items
-----02-07-2018 @ 19:28:21 ------
create_table
-----02-07-2018 @ 19:36:27 ------
schedule_update_user_items
-----02-07-2018 @ 19:54:28 ------
schedule_update_user_items
-----02-07-2018 @ 20:14:51 ------
schedule_update_user_items
-----02-07-2018 @ 20:55:42 ------
schedule_update_user_items
-----02-07-2018 @ 20:56:41 ------
schedule_update_user_items
-----02-07-2018 @ 21:11:37 ------
schedule_update_user_items
-----02-07-2018 @ 21:34:58 ------
schedule_update_user_items
-----02-07-2018 @ 21:36:47 ------
schedule_update_user_items
-----02-07-2018 @ 22:28:31 ------
schedule_update_user_items
-----02-07-2018 @ 22:58:29 ------
schedule_update_user_items
-----02-07-2018 @ 23:07:46 ------
schedule_update_user_items
-----02-07-2018 @ 23:17:49 ------
schedule_update_user_items
-----02-07-2018 @ 23:27:51 ------
schedule_update_user_items
-----02-07-2018 @ 23:36:53 ------
schedule_update_user_items
-----02-07-2018 @ 23:46:17 ------
schedule_update_user_items
-----02-07-2018 @ 23:56:27 ------
schedule_update_user_items
-----02-08-2018 @ 00:17:03 ------
schedule_update_user_items
-----02-08-2018 @ 00:28:07 ------
schedule_update_user_items
-----02-08-2018 @ 00:40:56 ------
schedule_update_user_items
-----02-08-2018 @ 00:46:14 ------
schedule_update_user_items
-----02-08-2018 @ 00:56:20 ------
schedule_update_user_items
-----02-08-2018 @ 01:06:03 ------
schedule_update_user_items
-----02-08-2018 @ 01:16:31 ------
schedule_update_user_items
-----02-08-2018 @ 01:45:04 ------
schedule_update_user_items
-----02-08-2018 @ 01:46:55 ------
schedule_update_user_items
-----02-08-2018 @ 01:56:17 ------
schedule_update_user_items
-----02-08-2018 @ 02:06:35 ------
schedule_update_user_items
-----02-08-2018 @ 02:16:05 ------
schedule_update_user_items
-----02-08-2018 @ 02:27:01 ------
schedule_update_user_items
-----02-08-2018 @ 02:36:53 ------
schedule_update_user_items
-----02-08-2018 @ 02:46:59 ------
schedule_update_user_items
-----02-08-2018 @ 02:56:47 ------
schedule_update_user_items
-----02-08-2018 @ 03:06:07 ------
schedule_update_user_items
-----02-08-2018 @ 03:16:59 ------
schedule_update_user_items
-----02-08-2018 @ 03:26:18 ------
schedule_update_user_items
-----02-08-2018 @ 03:36:06 ------
schedule_update_user_items
-----02-08-2018 @ 03:46:15 ------
schedule_update_user_items
-----02-08-2018 @ 03:57:26 ------
schedule_update_user_items
-----02-08-2018 @ 04:06:55 ------
schedule_update_user_items
-----02-08-2018 @ 04:16:39 ------
schedule_update_user_items
-----02-08-2018 @ 04:26:20 ------
schedule_update_user_items
-----02-08-2018 @ 04:36:44 ------
schedule_update_user_items
-----02-08-2018 @ 04:46:08 ------
schedule_update_user_items
-----02-08-2018 @ 04:57:00 ------
schedule_update_user_items
-----02-08-2018 @ 05:06:07 ------
schedule_update_user_items
-----02-08-2018 @ 05:16:31 ------
schedule_update_user_items
-----02-08-2018 @ 05:27:01 ------
schedule_update_user_items
-----02-08-2018 @ 05:38:02 ------
schedule_update_user_items
-----02-08-2018 @ 05:58:21 ------
schedule_update_user_items
-----02-08-2018 @ 06:06:09 ------
schedule_update_user_items
-----02-08-2018 @ 06:16:46 ------
schedule_update_user_items
-----02-08-2018 @ 06:26:49 ------
schedule_update_user_items
-----02-08-2018 @ 06:36:45 ------
schedule_update_user_items
-----02-08-2018 @ 06:46:19 ------
schedule_update_user_items
-----02-08-2018 @ 06:56:27 ------
schedule_update_user_items
-----02-08-2018 @ 07:08:12 ------
schedule_update_user_items
-----02-08-2018 @ 07:17:25 ------
schedule_update_user_items
-----02-08-2018 @ 08:45:05 ------
schedule_update_user_items
-----02-08-2018 @ 08:48:41 ------
schedule_update_user_items
-----02-08-2018 @ 09:28:35 ------
schedule_update_user_items
-----02-08-2018 @ 09:45:26 ------
schedule_update_user_items
-----02-08-2018 @ 10:05:21 ------
schedule_update_user_items
-----02-08-2018 @ 10:15:49 ------
schedule_update_user_items
-----02-08-2018 @ 10:37:44 ------
schedule_update_user_items
-----02-08-2018 @ 12:16:46 ------
schedule_update_user_items
-----02-08-2018 @ 12:35:53 ------
schedule_update_user_items
-----02-08-2018 @ 13:24:01 ------
schedule_update_user_items
-----02-08-2018 @ 13:27:24 ------
schedule_update_user_items
-----02-08-2018 @ 13:39:59 ------
schedule_update_user_items
-----02-08-2018 @ 13:46:38 ------
schedule_update_user_items
-----02-08-2018 @ 13:58:54 ------
schedule_update_user_items
-----02-08-2018 @ 14:27:43 ------
schedule_update_user_items
-----02-08-2018 @ 14:36:44 ------
schedule_update_user_items
-----02-08-2018 @ 14:57:07 ------
schedule_update_user_items
-----02-08-2018 @ 15:07:20 ------
schedule_update_user_items
-----02-08-2018 @ 15:17:33 ------
schedule_update_user_items
-----02-08-2018 @ 16:02:17 ------
schedule_update_user_items
-----02-08-2018 @ 16:17:14 ------
schedule_update_user_items
-----02-08-2018 @ 16:34:33 ------
schedule_update_user_items
-----02-08-2018 @ 16:45:22 ------
schedule_update_user_items
-----02-08-2018 @ 16:48:52 ------
schedule_update_user_items
-----02-08-2018 @ 17:20:18 ------
schedule_update_user_items
-----02-08-2018 @ 18:23:51 ------
schedule_update_user_items
-----02-08-2018 @ 18:27:38 ------
schedule_update_user_items
-----02-08-2018 @ 18:39:01 ------
schedule_update_user_items
-----02-08-2018 @ 19:51:06 ------
schedule_update_user_items
-----02-08-2018 @ 20:35:46 ------
schedule_update_user_items
-----02-08-2018 @ 20:46:33 ------
schedule_update_user_items
-----02-08-2018 @ 21:08:56 ------
schedule_update_user_items
-----02-08-2018 @ 21:38:38 ------
schedule_update_user_items
-----02-08-2018 @ 21:47:35 ------
schedule_update_user_items
-----02-09-2018 @ 00:05:08 ------
schedule_update_user_items
-----02-09-2018 @ 00:17:06 ------
schedule_update_user_items
-----02-09-2018 @ 00:36:15 ------
schedule_update_user_items
-----02-09-2018 @ 00:59:37 ------
schedule_update_user_items
-----02-09-2018 @ 01:10:05 ------
schedule_update_user_items
-----02-09-2018 @ 02:34:29 ------
schedule_update_user_items
-----02-09-2018 @ 03:35:10 ------
schedule_update_user_items
-----02-09-2018 @ 03:36:12 ------
schedule_update_user_items
-----02-09-2018 @ 03:46:41 ------
schedule_update_user_items
-----02-09-2018 @ 03:56:35 ------
schedule_update_user_items
-----02-09-2018 @ 04:14:11 ------
schedule_update_user_items
-----02-09-2018 @ 04:32:58 ------
schedule_update_user_items
-----02-09-2018 @ 04:55:22 ------
schedule_update_user_items
-----02-09-2018 @ 04:56:18 ------
schedule_update_user_items
-----02-09-2018 @ 05:06:08 ------
schedule_update_user_items
-----02-09-2018 @ 05:17:29 ------
schedule_update_user_items
-----02-09-2018 @ 05:26:18 ------
schedule_update_user_items
-----02-09-2018 @ 05:36:21 ------
schedule_update_user_items
-----02-09-2018 @ 05:46:08 ------
schedule_update_user_items
-----02-09-2018 @ 05:56:16 ------
schedule_update_user_items
-----02-09-2018 @ 06:06:51 ------
schedule_update_user_items
-----02-09-2018 @ 06:16:16 ------
schedule_update_user_items
-----02-09-2018 @ 06:26:07 ------
schedule_update_user_items
-----02-09-2018 @ 06:37:31 ------
schedule_update_user_items
-----02-09-2018 @ 06:47:14 ------
schedule_update_user_items
-----02-09-2018 @ 06:56:03 ------
schedule_update_user_items
-----02-09-2018 @ 07:06:10 ------
schedule_update_user_items
-----02-09-2018 @ 07:16:09 ------
schedule_update_user_items
-----02-09-2018 @ 07:57:36 ------
schedule_update_user_items
-----02-09-2018 @ 08:37:26 ------
schedule_update_user_items
-----02-09-2018 @ 08:48:56 ------
schedule_update_user_items
-----02-09-2018 @ 10:15:09 ------
schedule_update_user_items
-----02-09-2018 @ 10:55:54 ------
schedule_update_user_items
-----02-09-2018 @ 12:29:58 ------
schedule_update_user_items
-----02-09-2018 @ 12:48:32 ------
schedule_update_user_items
-----02-09-2018 @ 13:49:16 ------
schedule_update_user_items
-----02-09-2018 @ 14:13:04 ------
schedule_update_user_items
-----02-09-2018 @ 14:23:13 ------
schedule_update_user_items
-----02-09-2018 @ 15:16:46 ------
schedule_update_user_items
-----02-09-2018 @ 15:32:16 ------
schedule_update_user_items
-----02-09-2018 @ 15:36:59 ------
schedule_update_user_items
-----02-09-2018 @ 16:20:34 ------
schedule_update_user_items
-----02-09-2018 @ 16:50:48 ------
schedule_update_user_items
-----02-09-2018 @ 16:58:02 ------
schedule_update_user_items
-----02-09-2018 @ 17:06:07 ------
schedule_update_user_items
-----02-09-2018 @ 17:47:58 ------
schedule_update_user_items
-----02-09-2018 @ 18:13:41 ------
schedule_update_user_items
-----02-09-2018 @ 19:05:22 ------
schedule_update_user_items
-----02-09-2018 @ 19:41:07 ------
schedule_update_user_items
-----02-09-2018 @ 19:52:26 ------
schedule_update_user_items
-----02-09-2018 @ 20:03:47 ------
schedule_update_user_items
-----02-09-2018 @ 20:19:16 ------
schedule_update_user_items
-----02-09-2018 @ 21:09:52 ------
schedule_update_user_items
-----02-09-2018 @ 21:16:37 ------
schedule_update_user_items
-----02-09-2018 @ 21:56:39 ------
schedule_update_user_items
-----02-09-2018 @ 22:20:00 ------
schedule_update_user_items
-----02-09-2018 @ 23:57:04 ------
schedule_update_user_items
-----02-10-2018 @ 00:09:42 ------
schedule_update_user_items
-----02-10-2018 @ 00:16:18 ------
schedule_update_user_items
-----02-10-2018 @ 00:47:03 ------
schedule_update_user_items
-----02-10-2018 @ 00:56:12 ------
schedule_update_user_items
-----02-10-2018 @ 01:10:15 ------
schedule_update_user_items
-----02-10-2018 @ 01:38:09 ------
schedule_update_user_items
-----02-10-2018 @ 01:49:21 ------
schedule_update_user_items
-----02-10-2018 @ 02:16:35 ------
schedule_update_user_items
-----02-10-2018 @ 02:42:23 ------
schedule_update_user_items
-----02-10-2018 @ 02:47:30 ------
schedule_update_user_items
-----02-10-2018 @ 02:57:33 ------
schedule_update_user_items
-----02-10-2018 @ 03:07:36 ------
schedule_update_user_items
-----02-10-2018 @ 03:17:39 ------
schedule_update_user_items
-----02-10-2018 @ 03:26:40 ------
schedule_update_user_items
-----02-10-2018 @ 03:36:40 ------
schedule_update_user_items
-----02-10-2018 @ 03:46:41 ------
schedule_update_user_items
-----02-10-2018 @ 03:57:00 ------
schedule_update_user_items
-----02-10-2018 @ 04:06:20 ------
schedule_update_user_items
-----02-10-2018 @ 04:16:26 ------
schedule_update_user_items
-----02-10-2018 @ 04:38:20 ------
schedule_update_user_items
-----02-10-2018 @ 04:56:45 ------
schedule_update_user_items
-----02-10-2018 @ 05:07:35 ------
schedule_update_user_items
-----02-10-2018 @ 05:17:00 ------
schedule_update_user_items
-----02-10-2018 @ 05:32:21 ------
schedule_update_user_items
-----02-10-2018 @ 05:36:23 ------
schedule_update_user_items
-----02-10-2018 @ 06:01:11 ------
schedule_update_user_items
-----02-10-2018 @ 06:16:43 ------
schedule_update_user_items
-----02-10-2018 @ 06:32:43 ------
schedule_update_user_items
-----02-10-2018 @ 06:43:23 ------
schedule_update_user_items
-----02-10-2018 @ 06:52:29 ------
schedule_update_user_items
-----02-10-2018 @ 07:05:52 ------
schedule_update_user_items
-----02-10-2018 @ 07:21:02 ------
schedule_update_user_items
-----02-10-2018 @ 07:55:05 ------
schedule_update_user_items
-----02-10-2018 @ 08:08:15 ------
schedule_update_user_items
-----02-10-2018 @ 09:24:03 ------
schedule_update_user_items
-----02-10-2018 @ 09:52:01 ------
schedule_update_user_items
-----02-10-2018 @ 10:39:51 ------
schedule_update_user_items
-----02-10-2018 @ 10:55:20 ------
schedule_update_user_items
-----02-10-2018 @ 11:28:51 ------
schedule_update_user_items
-----02-10-2018 @ 11:39:24 ------
schedule_update_user_items
-----02-10-2018 @ 11:55:37 ------
schedule_update_user_items
-----02-10-2018 @ 12:22:20 ------
schedule_update_user_items
-----02-10-2018 @ 12:49:16 ------
schedule_update_user_items
-----02-10-2018 @ 13:11:24 ------
schedule_update_user_items
-----02-10-2018 @ 13:17:02 ------
schedule_update_user_items
-----02-10-2018 @ 14:27:11 ------
schedule_update_user_items
-----02-10-2018 @ 15:18:59 ------
schedule_update_user_items
-----02-10-2018 @ 15:32:46 ------
schedule_update_user_items
-----02-10-2018 @ 15:42:57 ------
schedule_update_user_items
-----02-10-2018 @ 16:50:43 ------
schedule_update_user_items
-----02-10-2018 @ 17:05:38 ------
schedule_update_user_items
-----02-10-2018 @ 17:21:19 ------
schedule_update_user_items
-----02-10-2018 @ 18:14:17 ------
schedule_update_user_items
-----02-10-2018 @ 18:16:49 ------
schedule_update_user_items
-----02-10-2018 @ 18:32:34 ------
schedule_update_user_items
-----02-10-2018 @ 18:49:15 ------
schedule_update_user_items
-----02-10-2018 @ 19:09:59 ------
schedule_update_user_items
-----02-10-2018 @ 19:16:07 ------
schedule_update_user_items
-----02-10-2018 @ 19:26:47 ------
schedule_update_user_items
-----02-10-2018 @ 19:36:14 ------
schedule_update_user_items
-----02-10-2018 @ 19:46:05 ------
schedule_update_user_items
-----02-10-2018 @ 19:56:31 ------
schedule_update_user_items
-----02-10-2018 @ 20:07:38 ------
schedule_update_user_items
-----02-10-2018 @ 20:16:06 ------
schedule_update_user_items
-----02-10-2018 @ 20:26:03 ------
schedule_update_user_items
-----02-10-2018 @ 20:36:22 ------
schedule_update_user_items
-----02-10-2018 @ 20:46:09 ------
schedule_update_user_items
-----02-10-2018 @ 21:18:19 ------
schedule_update_user_items
-----02-10-2018 @ 21:30:43 ------
schedule_update_user_items
-----02-10-2018 @ 22:39:54 ------
schedule_update_user_items
-----02-10-2018 @ 22:46:24 ------
schedule_update_user_items
-----02-10-2018 @ 22:56:46 ------
schedule_update_user_items
-----02-10-2018 @ 23:07:39 ------
schedule_update_user_items
-----02-10-2018 @ 23:16:09 ------
schedule_update_user_items
-----02-10-2018 @ 23:26:07 ------
schedule_update_user_items
-----02-10-2018 @ 23:36:31 ------
schedule_update_user_items
-----02-10-2018 @ 23:47:42 ------
schedule_update_user_items
-----02-11-2018 @ 00:03:36 ------
schedule_update_user_items
-----02-11-2018 @ 00:13:08 ------
schedule_update_user_items
-----02-11-2018 @ 00:31:02 ------
schedule_update_user_items
-----02-11-2018 @ 00:38:57 ------
schedule_update_user_items
-----02-11-2018 @ 01:00:53 ------
schedule_update_user_items
-----02-11-2018 @ 01:06:09 ------
schedule_update_user_items
-----02-11-2018 @ 01:16:05 ------
schedule_update_user_items
-----02-11-2018 @ 01:26:09 ------
schedule_update_user_items
-----02-11-2018 @ 01:36:21 ------
schedule_update_user_items
-----02-11-2018 @ 01:46:32 ------
schedule_update_user_items
-----02-11-2018 @ 01:56:06 ------
schedule_update_user_items
-----02-11-2018 @ 02:02:59 ------
Array
(
    [0] => stdClass Object
        (
            [type] => text
            [originX] => left
            [originY] => top
            [left] => 235.28
            [top] => 219.94
            [width] => 149.44
            [height] => 24
            [fill] => rgb(0,0,0)
            [stroke] => 
            [strokeWidth] => 1
            [strokeDashArray] => 
            [strokeLineCap] => butt
            [strokeLineJoin] => miter
            [strokeMiterLimit] => 10
            [scaleX] => 1
            [scaleY] => 0.46
            [angle] => 0
            [flipX] => 
            [flipY] => 
            [opacity] => 1
            [shadow] => 
            [visible] => 1
            [clipTo] => 
            [backgroundColor] => 
            [fillRule] => nonzero
            [globalCompositeOperation] => source-over
            [name] => a2c6cef883e4b70b
            [fieldType] => student-name
            [text] => Student name
            [fontSize] => 24
            [fontWeight] => normal
            [fontFamily] => Helvetica
            [fontStyle] => 
            [lineHeight] => 1
            [textDecoration] => 
            [textAlign] => left
            [path] => 
            [textBackgroundColor] => 
            [useNative] => 1
        )

    [1] => stdClass Object
        (
            [type] => text
            [originX] => left
            [originY] => top
            [left] => 268.66
            [top] => 207
            [width] => 82.69
            [height] => 24
            [fill] => rgb(0,0,0)
            [stroke] => 
            [strokeWidth] => 1
            [strokeDashArray] => 
            [strokeLineCap] => butt
            [strokeLineJoin] => miter
            [strokeMiterLimit] => 10
            [scaleX] => 1
            [scaleY] => 1
            [angle] => 0
            [flipX] => 
            [flipY] => 
            [opacity] => 1
            [shadow] => 
            [visible] => 1
            [clipTo] => 
            [backgroundColor] => 
            [fillRule] => nonzero
            [globalCompositeOperation] => source-over
            [name] => 8c3cdce4b500a96f
            [fieldType] => custom
            [text] => Custom
            [fontSize] => 24
            [fontWeight] => normal
            [fontFamily] => Helvetica
            [fontStyle] => 
            [lineHeight] => 1
            [textDecoration] => 
            [textAlign] => left
            [path] => 
            [textBackgroundColor] => 
            [useNative] => 1
        )

    [2] => stdClass Object
        (
            [type] => text
            [originX] => left
            [originY] => top
            [left] => 235.28
            [top] => 207
            [width] => 149.44
            [height] => 24
            [fill] => rgb(0,0,0)
            [stroke] => 
            [strokeWidth] => 1
            [strokeDashArray] => 
            [strokeLineCap] => butt
            [strokeLineJoin] => miter
            [strokeMiterLimit] => 10
            [scaleX] => 1
            [scaleY] => 1
            [angle] => 0
            [flipX] => 
            [flipY] => 
            [opacity] => 1
            [shadow] => 
            [visible] => 1
            [clipTo] => 
            [backgroundColor] => 
            [fillRule] => nonzero
            [globalCompositeOperation] => source-over
            [name] => 8d0834612e8846d6
            [fieldType] => student-name
            [text] => Student name
            [fontSize] => 24
            [fontWeight] => normal
            [fontFamily] => Helvetica
            [fontStyle] => 
            [lineHeight] => 1
            [textDecoration] => 
            [textAlign] => left
            [path] => 
            [textBackgroundColor] => 
            [useNative] => 1
        )

    [3] => stdClass Object
        (
            [type] => text
            [originX] => left
            [originY] => top
            [left] => 235.28
            [top] => 207
            [width] => 149.44
            [height] => 24
            [fill] => rgb(0,0,0)
            [stroke] => 
            [strokeWidth] => 1
            [strokeDashArray] => 
            [strokeLineCap] => butt
            [strokeLineJoin] => miter
            [strokeMiterLimit] => 10
            [scaleX] => 1
            [scaleY] => 1
            [angle] => 0
            [flipX] => 
            [flipY] => 
            [opacity] => 1
            [shadow] => 
            [visible] => 1
            [clipTo] => 
            [backgroundColor] => 
            [fillRule] => nonzero
            [globalCompositeOperation] => source-over
            [name] => df0b8f8933296bb8
            [fieldType] => student-name
            [display] => {login_name}
            [text] => Student name
            [fontSize] => 24
            [fontWeight] => normal
            [fontFamily] => Helvetica
            [fontStyle] => 
            [lineHeight] => 1
            [textDecoration] => 
            [textAlign] => left
            [path] => 
            [textBackgroundColor] => 
            [useNative] => 1
        )

)

-----02-11-2018 @ 02:02:59 ------
Array
(
    [0] => stdClass Object
        (
            [type] => text
            [originX] => left
            [originY] => top
            [left] => 235.28
            [top] => 219.94
            [width] => 149.44
            [height] => 24
            [fill] => rgb(0,0,0)
            [stroke] => 
            [strokeWidth] => 1
            [strokeDashArray] => 
            [strokeLineCap] => butt
            [strokeLineJoin] => miter
            [strokeMiterLimit] => 10
            [scaleX] => 1
            [scaleY] => 0.46
            [angle] => 0
            [flipX] => 
            [flipY] => 
            [opacity] => 1
            [shadow] => 
            [visible] => 1
            [clipTo] => 
            [backgroundColor] => 
            [fillRule] => nonzero
            [globalCompositeOperation] => source-over
            [name] => a2c6cef883e4b70b
            [fieldType] => student-name
            [text] => Student name
            [fontSize] => 24
            [fontWeight] => normal
            [fontFamily] => Helvetica
            [fontStyle] => 
            [lineHeight] => 1
            [textDecoration] => 
            [textAlign] => left
            [path] => 
            [textBackgroundColor] => 
            [useNative] => 1
        )

    [1] => stdClass Object
        (
            [type] => text
            [originX] => left
            [originY] => top
            [left] => 268.66
            [top] => 207
            [width] => 82.69
            [height] => 24
            [fill] => rgb(0,0,0)
            [stroke] => 
            [strokeWidth] => 1
            [strokeDashArray] => 
            [strokeLineCap] => butt
            [strokeLineJoin] => miter
            [strokeMiterLimit] => 10
            [scaleX] => 1
            [scaleY] => 1
            [angle] => 0
            [flipX] => 
            [flipY] => 
            [opacity] => 1
            [shadow] => 
            [visible] => 1
            [clipTo] => 
            [backgroundColor] => 
            [fillRule] => nonzero
            [globalCompositeOperation] => source-over
            [name] => 8c3cdce4b500a96f
            [fieldType] => custom
            [text] => Custom
            [fontSize] => 24
            [fontWeight] => normal
            [fontFamily] => Helvetica
            [fontStyle] => 
            [lineHeight] => 1
            [textDecoration] => 
            [textAlign] => left
            [path] => 
            [textBackgroundColor] => 
            [useNative] => 1
        )

    [2] => stdClass Object
        (
            [type] => text
            [originX] => left
            [originY] => top
            [left] => 235.28
            [top] => 207
            [width] => 149.44
            [height] => 24
            [fill] => rgb(0,0,0)
            [stroke] => 
            [strokeWidth] => 1
            [strokeDashArray] => 
            [strokeLineCap] => butt
            [strokeLineJoin] => miter
            [strokeMiterLimit] => 10
            [scaleX] => 1
            [scaleY] => 1
            [angle] => 0
            [flipX] => 
            [flipY] => 
            [opacity] => 1
            [shadow] => 
            [visible] => 1
            [clipTo] => 
            [backgroundColor] => 
            [fillRule] => nonzero
            [globalCompositeOperation] => source-over
            [name] => 8d0834612e8846d6
            [fieldType] => student-name
            [text] => Student name
            [fontSize] => 24
            [fontWeight] => normal
            [fontFamily] => Helvetica
            [fontStyle] => 
            [lineHeight] => 1
            [textDecoration] => 
            [textAlign] => left
            [path] => 
            [textBackgroundColor] => 
            [useNative] => 1
        )

    [3] => stdClass Object
        (
            [type] => text
            [originX] => left
            [originY] => top
            [left] => 235.28
            [top] => 207
            [width] => 149.44
            [height] => 24
            [fill] => rgb(0,0,0)
            [stroke] => 
            [strokeWidth] => 1
            [strokeDashArray] => 
            [strokeLineCap] => butt
            [strokeLineJoin] => miter
            [strokeMiterLimit] => 10
            [scaleX] => 1
            [scaleY] => 1
            [angle] => 0
            [flipX] => 
            [flipY] => 
            [opacity] => 1
            [shadow] => 
            [visible] => 1
            [clipTo] => 
            [backgroundColor] => 
            [fillRule] => nonzero
            [globalCompositeOperation] => source-over
            [name] => df0b8f8933296bb8
            [fieldType] => student-name
            [display] => {login_name}
            [text] => Student name
            [fontSize] => 24
            [fontWeight] => normal
            [fontFamily] => Helvetica
            [fontStyle] => 
            [lineHeight] => 1
            [textDecoration] => 
            [textAlign] => left
            [path] => 
            [textBackgroundColor] => 
            [useNative] => 1
        )

)

-----02-11-2018 @ 02:06:53 ------
schedule_update_user_items
-----02-11-2018 @ 02:16:14 ------
schedule_update_user_items
-----02-11-2018 @ 02:26:05 ------
schedule_update_user_items
-----02-11-2018 @ 02:36:49 ------
schedule_update_user_items
-----02-11-2018 @ 02:46:24 ------
schedule_update_user_items
-----02-11-2018 @ 02:56:57 ------
schedule_update_user_items
-----02-11-2018 @ 03:06:37 ------
schedule_update_user_items
-----02-11-2018 @ 03:20:08 ------
schedule_update_user_items
-----02-11-2018 @ 03:26:14 ------
schedule_update_user_items
-----02-11-2018 @ 03:36:19 ------
schedule_update_user_items
-----02-11-2018 @ 04:01:59 ------
schedule_update_user_items
-----02-11-2018 @ 04:20:50 ------
schedule_update_user_items
-----02-11-2018 @ 04:27:20 ------
schedule_update_user_items
-----02-11-2018 @ 04:46:03 ------
schedule_update_user_items
-----02-11-2018 @ 05:02:50 ------
schedule_update_user_items
-----02-11-2018 @ 05:06:15 ------
schedule_update_user_items
-----02-11-2018 @ 05:17:15 ------
schedule_update_user_items
-----02-11-2018 @ 05:32:26 ------
schedule_update_user_items
-----02-11-2018 @ 05:36:36 ------
schedule_update_user_items
-----02-11-2018 @ 05:56:27 ------
schedule_update_user_items
-----02-11-2018 @ 06:06:28 ------
schedule_update_user_items
-----02-11-2018 @ 06:44:20 ------
schedule_update_user_items
-----02-11-2018 @ 06:48:05 ------
schedule_update_user_items
-----02-11-2018 @ 07:01:57 ------
schedule_update_user_items
-----02-11-2018 @ 07:07:00 ------
schedule_update_user_items
-----02-11-2018 @ 07:23:50 ------
schedule_update_user_items
-----02-11-2018 @ 08:08:12 ------
schedule_update_user_items
-----02-11-2018 @ 08:24:18 ------
schedule_update_user_items
-----02-11-2018 @ 08:31:59 ------
schedule_update_user_items
-----02-11-2018 @ 08:37:48 ------
schedule_update_user_items
-----02-11-2018 @ 09:19:59 ------
schedule_update_user_items
-----02-11-2018 @ 09:30:08 ------
schedule_update_user_items
-----02-11-2018 @ 10:15:53 ------
schedule_update_user_items
-----02-11-2018 @ 10:35:50 ------
schedule_update_user_items
-----02-11-2018 @ 10:38:53 ------
schedule_update_user_items
-----02-11-2018 @ 12:17:10 ------
schedule_update_user_items
-----02-11-2018 @ 12:38:29 ------
schedule_update_user_items
-----02-11-2018 @ 12:47:38 ------
schedule_update_user_items
-----02-11-2018 @ 13:11:19 ------
schedule_update_user_items
-----02-11-2018 @ 13:28:10 ------
schedule_update_user_items
-----02-11-2018 @ 13:43:30 ------
schedule_update_user_items
-----02-11-2018 @ 13:48:28 ------
schedule_update_user_items
-----02-11-2018 @ 14:11:58 ------
schedule_update_user_items
-----02-11-2018 @ 14:17:09 ------
schedule_update_user_items
-----02-11-2018 @ 14:26:10 ------
schedule_update_user_items
-----02-11-2018 @ 14:36:20 ------
schedule_update_user_items
-----02-11-2018 @ 14:45:43 ------
root@vps168885.vps.ovh.ca
-----02-11-2018 @ 14:45:43 ------
Array
(
    [0] => root@vps168885.vps.ovh.ca
    [1] => [ITYVU]  You have enrolled in this course (Datavizualisation)
    [2] => == Enrolled course ==

You have enrolled in the course
"https://www.ityvu.com/courses/uncategorized/datavizualisation/"
(Datavizualisation).

Please login https://www.ityvu.com/lp-profile/ and start learning now.


    [3] => Content-Type: text/plain

    [4] => Array
        (
        )

)

-----02-11-2018 @ 14:46:21 ------
schedule_update_user_items
-----02-11-2018 @ 14:56:10 ------
schedule_update_user_items
-----02-11-2018 @ 15:06:13 ------
schedule_update_user_items
-----02-11-2018 @ 15:07:18 ------
root@vps168885.vps.ovh.ca
-----02-11-2018 @ 15:07:18 ------
Array
(
    [0] => root@vps168885.vps.ovh.ca
    [1] => [ITYVU] Order placed
    [2] => == Order placed ==

Hi kassambe,

Order placed at ITYVU

Business Intelligence
Quantity: 1
Cost: 300.00

Complete Beginner to JavaScript Developer
Quantity: 1
Cost: 59.00

Techniques de bases de données relationnelles
Quantity: 1
Cost: 300.00

Analyse Statistique de données
Quantity: 1
Cost: 60.00



View order (#0000007626):
https://www.ityvu.com/lp-profile/kassambe/order-details/7626/
	

    [3] => Array
        (
        )

    [4] => Array
        (
        )

)

-----02-11-2018 @ 15:07:27 ------
root@vps168885.vps.ovh.ca
-----02-11-2018 @ 15:07:27 ------
Array
(
    [0] => root@vps168885.vps.ovh.ca
    [1] => Your order février 11, 2018 is completed
    [2] => == Your order #0000007626 is completed ==

{order_items_table}

View order: https://www.ityvu.com/lp-profile/kassambe/orders/



    [3] => Content-Type: text/plain

    [4] => Array
        (
        )

)

-----02-11-2018 @ 15:07:27 ------
ndy@ityvu.com
-----02-11-2018 @ 15:07:27 ------
Array
(
    [0] => ndy@ityvu.com
    [1] => [ITYVU] New order placed
    [2] => == New order ==

New order placed by kassambe

Business Intelligence
Quantity: 1
Cost: 300.00

Complete Beginner to JavaScript Developer
Quantity: 1
Cost: 59.00

Techniques de bases de données relationnelles
Quantity: 1
Cost: 300.00

Analyse Statistique de données
Quantity: 1
Cost: 60.00



View order:
https://www.ityvu.com/wp-admin/post.php?post=7626&action=edit
 
==  ==
    [3] => Content-Type: text/plain

    [4] => Array
        (
        )

)

-----02-11-2018 @ 15:17:18 ------
schedule_update_user_items
-----02-11-2018 @ 15:26:52 ------
schedule_update_user_items
-----02-11-2018 @ 15:37:20 ------
schedule_update_user_items
-----02-11-2018 @ 15:46:24 ------
schedule_update_user_items
-----02-11-2018 @ 15:56:10 ------
schedule_update_user_items
-----02-11-2018 @ 16:07:23 ------
schedule_update_user_items
-----02-11-2018 @ 16:16:39 ------
schedule_update_user_items
-----02-11-2018 @ 16:29:28 ------
schedule_update_user_items
-----02-11-2018 @ 16:55:27 ------
schedule_update_user_items
-----02-11-2018 @ 16:57:13 ------
schedule_update_user_items
-----02-11-2018 @ 17:10:19 ------
schedule_update_user_items
-----02-11-2018 @ 17:16:13 ------
schedule_update_user_items
-----02-11-2018 @ 17:26:05 ------
schedule_update_user_items
-----02-11-2018 @ 17:36:09 ------
schedule_update_user_items
-----02-11-2018 @ 17:46:06 ------
schedule_update_user_items
-----02-11-2018 @ 17:56:05 ------
schedule_update_user_items
-----02-11-2018 @ 18:06:12 ------
schedule_update_user_items
-----02-11-2018 @ 18:16:16 ------
schedule_update_user_items
-----02-11-2018 @ 18:26:19 ------
schedule_update_user_items
-----02-11-2018 @ 18:36:10 ------
schedule_update_user_items
-----02-11-2018 @ 18:46:25 ------
schedule_update_user_items
-----02-11-2018 @ 18:56:12 ------
schedule_update_user_items
-----02-11-2018 @ 19:06:35 ------
schedule_update_user_items
-----02-11-2018 @ 19:16:21 ------
schedule_update_user_items
-----02-11-2018 @ 19:26:17 ------
schedule_update_user_items
-----02-11-2018 @ 19:37:37 ------
schedule_update_user_items
-----02-11-2018 @ 19:46:36 ------
schedule_update_user_items
-----02-11-2018 @ 19:56:16 ------
schedule_update_user_items
-----02-11-2018 @ 20:06:19 ------
schedule_update_user_items
-----02-11-2018 @ 20:16:17 ------
schedule_update_user_items
-----02-11-2018 @ 20:26:03 ------
schedule_update_user_items
-----02-11-2018 @ 20:36:08 ------
schedule_update_user_items
-----02-11-2018 @ 20:46:58 ------
schedule_update_user_items
-----02-11-2018 @ 20:56:05 ------
schedule_update_user_items
-----02-11-2018 @ 21:06:12 ------
schedule_update_user_items
-----02-11-2018 @ 21:17:04 ------
schedule_update_user_items
-----02-11-2018 @ 21:27:08 ------
schedule_update_user_items
-----02-11-2018 @ 21:37:11 ------
schedule_update_user_items
-----02-11-2018 @ 21:46:06 ------
schedule_update_user_items
-----02-11-2018 @ 21:56:09 ------
schedule_update_user_items
-----02-11-2018 @ 22:06:53 ------
schedule_update_user_items
-----02-11-2018 @ 22:16:20 ------
schedule_update_user_items
-----02-11-2018 @ 22:26:32 ------
schedule_update_user_items
-----02-11-2018 @ 22:36:13 ------
schedule_update_user_items
-----02-11-2018 @ 22:47:36 ------
schedule_update_user_items
-----02-11-2018 @ 22:57:38 ------
schedule_update_user_items
-----02-11-2018 @ 23:07:40 ------
schedule_update_user_items
-----02-11-2018 @ 23:17:42 ------
schedule_update_user_items
-----02-11-2018 @ 23:27:46 ------
schedule_update_user_items
-----02-11-2018 @ 23:36:17 ------
schedule_update_user_items
-----02-11-2018 @ 23:46:07 ------
schedule_update_user_items
-----02-11-2018 @ 23:56:04 ------
schedule_update_user_items
-----02-12-2018 @ 00:06:11 ------
schedule_update_user_items
-----02-12-2018 @ 00:16:10 ------
schedule_update_user_items
-----02-12-2018 @ 00:26:25 ------
schedule_update_user_items
-----02-12-2018 @ 00:36:05 ------
schedule_update_user_items
-----02-12-2018 @ 00:46:15 ------
schedule_update_user_items
-----02-12-2018 @ 00:56:26 ------
schedule_update_user_items
-----02-12-2018 @ 01:06:25 ------
schedule_update_user_items
-----02-12-2018 @ 01:16:27 ------
schedule_update_user_items
-----02-12-2018 @ 01:26:12 ------
schedule_update_user_items
-----02-12-2018 @ 01:36:25 ------
schedule_update_user_items
-----02-12-2018 @ 01:46:05 ------
schedule_update_user_items
-----02-12-2018 @ 01:56:05 ------
schedule_update_user_items
-----02-12-2018 @ 02:06:12 ------
schedule_update_user_items
-----02-12-2018 @ 02:16:13 ------
schedule_update_user_items
-----02-12-2018 @ 02:26:14 ------
schedule_update_user_items
-----02-12-2018 @ 02:36:12 ------
schedule_update_user_items
-----02-12-2018 @ 02:46:12 ------
schedule_update_user_items
-----02-12-2018 @ 02:56:12 ------
schedule_update_user_items
-----02-12-2018 @ 03:06:14 ------
schedule_update_user_items
-----02-12-2018 @ 03:16:13 ------
schedule_update_user_items
-----02-12-2018 @ 03:26:12 ------
schedule_update_user_items
-----02-12-2018 @ 03:36:14 ------
schedule_update_user_items
-----02-12-2018 @ 03:46:14 ------
schedule_update_user_items
-----02-12-2018 @ 03:56:14 ------
schedule_update_user_items
-----02-12-2018 @ 04:06:13 ------
schedule_update_user_items
-----02-12-2018 @ 04:16:13 ------
schedule_update_user_items
-----02-12-2018 @ 04:27:47 ------
schedule_update_user_items
-----02-12-2018 @ 04:39:20 ------
schedule_update_user_items
-----02-12-2018 @ 04:49:21 ------
schedule_update_user_items
-----02-12-2018 @ 04:58:05 ------
schedule_update_user_items
-----02-12-2018 @ 05:06:57 ------
schedule_update_user_items
-----02-12-2018 @ 05:19:23 ------
schedule_update_user_items
-----02-12-2018 @ 05:29:23 ------
schedule_update_user_items
-----02-12-2018 @ 05:39:23 ------
schedule_update_user_items
-----02-12-2018 @ 05:49:21 ------
schedule_update_user_items
-----02-12-2018 @ 05:56:20 ------
schedule_update_user_items
-----02-12-2018 @ 06:09:25 ------
schedule_update_user_items
-----02-12-2018 @ 06:19:18 ------
schedule_update_user_items
-----02-12-2018 @ 06:29:27 ------
schedule_update_user_items
-----02-12-2018 @ 06:37:36 ------
schedule_update_user_items
-----02-12-2018 @ 06:47:28 ------
schedule_update_user_items
-----02-12-2018 @ 06:56:44 ------
schedule_update_user_items
-----02-12-2018 @ 07:07:22 ------
schedule_update_user_items
-----02-12-2018 @ 07:17:46 ------
schedule_update_user_items
-----02-12-2018 @ 07:29:19 ------
schedule_update_user_items
-----02-12-2018 @ 07:39:21 ------
schedule_update_user_items
-----02-12-2018 @ 07:49:13 ------
schedule_update_user_items
-----02-12-2018 @ 07:59:17 ------
schedule_update_user_items
-----02-12-2018 @ 08:10:01 ------
schedule_update_user_items
-----02-12-2018 @ 08:19:32 ------
schedule_update_user_items
-----02-12-2018 @ 08:27:17 ------
schedule_update_user_items
-----02-12-2018 @ 08:39:28 ------
schedule_update_user_items
-----02-12-2018 @ 08:49:24 ------
schedule_update_user_items
-----02-12-2018 @ 08:59:19 ------
schedule_update_user_items
-----02-12-2018 @ 09:09:22 ------
schedule_update_user_items
-----02-12-2018 @ 09:18:46 ------
schedule_update_user_items
-----02-12-2018 @ 09:29:28 ------
schedule_update_user_items
-----02-12-2018 @ 09:36:45 ------
schedule_update_user_items
-----02-12-2018 @ 09:47:20 ------
schedule_update_user_items
-----02-12-2018 @ 09:57:23 ------
schedule_update_user_items
-----02-12-2018 @ 10:06:06 ------
schedule_update_user_items
-----02-12-2018 @ 10:19:28 ------
schedule_update_user_items
-----02-12-2018 @ 10:29:22 ------
schedule_update_user_items
-----02-12-2018 @ 10:39:23 ------
schedule_update_user_items
-----02-12-2018 @ 10:49:21 ------
schedule_update_user_items
-----02-12-2018 @ 10:59:24 ------
schedule_update_user_items
-----02-12-2018 @ 11:06:17 ------
schedule_update_user_items
-----02-12-2018 @ 11:17:52 ------
schedule_update_user_items
-----02-12-2018 @ 11:29:25 ------
schedule_update_user_items
-----02-12-2018 @ 11:36:11 ------
schedule_update_user_items
-----02-12-2018 @ 11:47:43 ------
schedule_update_user_items
-----02-12-2018 @ 11:56:18 ------
schedule_update_user_items
-----02-12-2018 @ 12:07:37 ------
schedule_update_user_items
-----02-12-2018 @ 12:19:23 ------
schedule_update_user_items
-----02-12-2018 @ 12:29:33 ------
schedule_update_user_items
-----02-12-2018 @ 12:37:56 ------
schedule_update_user_items
-----02-12-2018 @ 12:46:09 ------
schedule_update_user_items
-----02-12-2018 @ 12:56:06 ------
schedule_update_user_items
-----02-12-2018 @ 13:06:10 ------
schedule_update_user_items
-----02-12-2018 @ 13:16:02 ------
schedule_update_user_items
-----02-12-2018 @ 13:26:05 ------
schedule_update_user_items
-----02-12-2018 @ 13:36:40 ------
schedule_update_user_items
-----02-12-2018 @ 13:47:32 ------
schedule_update_user_items
-----02-12-2018 @ 13:59:39 ------
schedule_update_user_items
-----02-12-2018 @ 14:07:30 ------
schedule_update_user_items
-----02-12-2018 @ 14:19:28 ------
schedule_update_user_items
-----02-12-2018 @ 14:29:21 ------
schedule_update_user_items
-----02-12-2018 @ 14:39:22 ------
schedule_update_user_items
-----02-12-2018 @ 14:49:23 ------
schedule_update_user_items
-----02-12-2018 @ 14:59:24 ------
schedule_update_user_items
-----02-12-2018 @ 15:09:36 ------
schedule_update_user_items
-----02-12-2018 @ 15:18:46 ------
schedule_update_user_items
-----02-12-2018 @ 15:26:02 ------
schedule_update_user_items
-----02-12-2018 @ 15:36:18 ------
schedule_update_user_items
-----02-12-2018 @ 15:47:58 ------
schedule_update_user_items
-----02-12-2018 @ 15:56:05 ------
schedule_update_user_items
-----02-12-2018 @ 16:07:39 ------
schedule_update_user_items
-----02-12-2018 @ 16:17:37 ------
schedule_update_user_items
-----02-12-2018 @ 16:29:14 ------
schedule_update_user_items
-----02-12-2018 @ 16:39:24 ------
schedule_update_user_items
-----02-12-2018 @ 16:49:17 ------
schedule_update_user_items
-----02-12-2018 @ 16:59:19 ------
schedule_update_user_items
-----02-12-2018 @ 17:09:22 ------
schedule_update_user_items
-----02-12-2018 @ 17:24:21 ------
schedule_update_user_items
-----02-12-2018 @ 17:29:32 ------
schedule_update_user_items
-----02-12-2018 @ 17:39:20 ------
schedule_update_user_items
-----02-12-2018 @ 17:49:19 ------
schedule_update_user_items
-----02-12-2018 @ 17:57:25 ------
schedule_update_user_items
-----02-12-2018 @ 18:09:19 ------
schedule_update_user_items
-----02-12-2018 @ 18:19:57 ------
schedule_update_user_items
-----02-12-2018 @ 18:27:23 ------
schedule_update_user_items
-----02-12-2018 @ 18:39:24 ------
schedule_update_user_items
-----02-12-2018 @ 18:46:51 ------
schedule_update_user_items
-----02-12-2018 @ 18:56:28 ------
schedule_update_user_items
-----02-12-2018 @ 19:06:49 ------
schedule_update_user_items
-----02-12-2018 @ 19:16:18 ------
schedule_update_user_items
-----02-12-2018 @ 19:29:13 ------
schedule_update_user_items
-----02-12-2018 @ 19:39:26 ------
schedule_update_user_items
-----02-12-2018 @ 19:47:24 ------
schedule_update_user_items
-----02-12-2018 @ 19:57:20 ------
schedule_update_user_items
-----02-12-2018 @ 20:07:24 ------
schedule_update_user_items
-----02-12-2018 @ 20:19:36 ------
schedule_update_user_items
-----02-12-2018 @ 20:29:21 ------
schedule_update_user_items
-----02-12-2018 @ 20:39:18 ------
schedule_update_user_items
-----02-12-2018 @ 20:48:35 ------
schedule_update_user_items
-----02-12-2018 @ 20:59:19 ------
schedule_update_user_items
-----02-12-2018 @ 21:09:24 ------
schedule_update_user_items
-----02-12-2018 @ 21:19:20 ------
schedule_update_user_items
-----02-12-2018 @ 21:29:45 ------
schedule_update_user_items
-----02-12-2018 @ 21:36:24 ------
schedule_update_user_items
-----02-12-2018 @ 21:48:25 ------
schedule_update_user_items
-----02-12-2018 @ 21:56:40 ------
schedule_update_user_items
-----02-12-2018 @ 22:09:17 ------
schedule_update_user_items
-----02-12-2018 @ 22:19:14 ------
schedule_update_user_items
-----02-12-2018 @ 22:28:43 ------
schedule_update_user_items
-----02-12-2018 @ 22:39:20 ------
schedule_update_user_items
-----02-12-2018 @ 22:49:14 ------
schedule_update_user_items
-----02-12-2018 @ 22:59:19 ------
schedule_update_user_items
-----02-12-2018 @ 23:09:22 ------
schedule_update_user_items
-----02-12-2018 @ 23:19:13 ------
schedule_update_user_items
-----02-12-2018 @ 23:29:15 ------
schedule_update_user_items
-----02-12-2018 @ 23:39:16 ------
schedule_update_user_items
-----02-12-2018 @ 23:49:15 ------
schedule_update_user_items
-----02-12-2018 @ 23:59:14 ------
schedule_update_user_items
-----02-13-2018 @ 00:09:24 ------
schedule_update_user_items
-----02-13-2018 @ 00:19:24 ------
schedule_update_user_items
-----02-13-2018 @ 00:26:05 ------
schedule_update_user_items
-----02-13-2018 @ 00:39:16 ------
schedule_update_user_items
-----02-13-2018 @ 00:49:15 ------
schedule_update_user_items
-----02-13-2018 @ 00:59:24 ------
schedule_update_user_items
-----02-13-2018 @ 01:09:34 ------
schedule_update_user_items
-----02-13-2018 @ 01:19:23 ------
schedule_update_user_items
-----02-13-2018 @ 01:29:18 ------
schedule_update_user_items
-----02-13-2018 @ 01:39:21 ------
schedule_update_user_items
-----02-13-2018 @ 01:49:25 ------
schedule_update_user_items
-----02-13-2018 @ 01:59:16 ------
schedule_update_user_items
-----02-13-2018 @ 02:09:19 ------
schedule_update_user_items
-----02-13-2018 @ 02:19:21 ------
schedule_update_user_items
-----02-13-2018 @ 02:29:23 ------
schedule_update_user_items
-----02-13-2018 @ 02:39:34 ------
schedule_update_user_items
-----02-13-2018 @ 02:49:21 ------
schedule_update_user_items
-----02-13-2018 @ 02:57:34 ------
schedule_update_user_items
-----02-13-2018 @ 03:09:25 ------
schedule_update_user_items
-----02-13-2018 @ 03:19:24 ------
schedule_update_user_items
-----02-13-2018 @ 03:27:46 ------
schedule_update_user_items
-----02-13-2018 @ 03:39:18 ------
schedule_update_user_items
-----02-13-2018 @ 03:49:26 ------
schedule_update_user_items
-----02-13-2018 @ 03:56:14 ------
schedule_update_user_items
-----02-13-2018 @ 04:06:15 ------
schedule_update_user_items
-----02-13-2018 @ 04:19:23 ------
schedule_update_user_items
-----02-13-2018 @ 04:29:12 ------
schedule_update_user_items
-----02-13-2018 @ 04:36:12 ------
schedule_update_user_items
-----02-13-2018 @ 04:46:06 ------
schedule_update_user_items
-----02-13-2018 @ 04:57:10 ------
schedule_update_user_items
-----02-13-2018 @ 05:09:16 ------
schedule_update_user_items
-----02-13-2018 @ 05:19:17 ------
schedule_update_user_items
-----02-13-2018 @ 05:29:20 ------
schedule_update_user_items
-----02-13-2018 @ 05:39:17 ------
schedule_update_user_items
-----02-13-2018 @ 05:49:20 ------
schedule_update_user_items
-----02-13-2018 @ 05:56:06 ------
schedule_update_user_items
-----02-13-2018 @ 06:09:21 ------
schedule_update_user_items
-----02-13-2018 @ 06:19:20 ------
schedule_update_user_items
-----02-13-2018 @ 06:26:57 ------
schedule_update_user_items
-----02-13-2018 @ 06:40:30 ------
schedule_update_user_items
-----02-13-2018 @ 06:47:13 ------
schedule_update_user_items
-----02-13-2018 @ 06:59:30 ------
schedule_update_user_items
-----02-13-2018 @ 07:06:09 ------
schedule_update_user_items
-----02-13-2018 @ 07:19:23 ------
schedule_update_user_items
-----02-13-2018 @ 07:29:24 ------
schedule_update_user_items
-----02-13-2018 @ 07:39:36 ------
schedule_update_user_items
-----02-13-2018 @ 07:49:24 ------
schedule_update_user_items
-----02-13-2018 @ 07:59:26 ------
schedule_update_user_items
-----02-13-2018 @ 08:09:22 ------
schedule_update_user_items
-----02-13-2018 @ 08:19:24 ------
schedule_update_user_items
-----02-13-2018 @ 08:29:27 ------
schedule_update_user_items
-----02-13-2018 @ 08:39:25 ------
schedule_update_user_items
-----02-13-2018 @ 08:49:27 ------
schedule_update_user_items
-----02-13-2018 @ 08:59:21 ------
schedule_update_user_items
-----02-13-2018 @ 09:09:19 ------
schedule_update_user_items
-----02-13-2018 @ 09:18:48 ------
schedule_update_user_items
-----02-13-2018 @ 09:29:20 ------
schedule_update_user_items
-----02-13-2018 @ 09:39:20 ------
schedule_update_user_items
-----02-13-2018 @ 09:49:16 ------
schedule_update_user_items
-----02-13-2018 @ 09:59:26 ------
schedule_update_user_items
-----02-13-2018 @ 10:09:29 ------
schedule_update_user_items
-----02-13-2018 @ 10:19:31 ------
schedule_update_user_items
-----02-13-2018 @ 10:29:19 ------
schedule_update_user_items
-----02-13-2018 @ 10:39:20 ------
schedule_update_user_items
-----02-13-2018 @ 10:49:18 ------
schedule_update_user_items
-----02-13-2018 @ 10:59:20 ------
schedule_update_user_items
-----02-13-2018 @ 11:09:23 ------
schedule_update_user_items
-----02-13-2018 @ 11:16:49 ------
schedule_update_user_items
-----02-13-2018 @ 11:29:25 ------
schedule_update_user_items
-----02-13-2018 @ 11:39:21 ------
schedule_update_user_items
-----02-13-2018 @ 11:49:15 ------
schedule_update_user_items
-----02-13-2018 @ 11:59:24 ------
schedule_update_user_items
-----02-13-2018 @ 12:07:20 ------
schedule_update_user_items
-----02-13-2018 @ 12:19:26 ------
schedule_update_user_items
-----02-13-2018 @ 12:29:21 ------
schedule_update_user_items
-----02-13-2018 @ 12:37:05 ------
schedule_update_user_items
-----02-13-2018 @ 12:49:21 ------
schedule_update_user_items
-----02-13-2018 @ 12:56:09 ------
schedule_update_user_items
-----02-13-2018 @ 13:06:08 ------
schedule_update_user_items
-----02-13-2018 @ 13:19:21 ------
schedule_update_user_items
-----02-13-2018 @ 13:27:24 ------
schedule_update_user_items
-----02-13-2018 @ 13:37:54 ------
schedule_update_user_items
-----02-13-2018 @ 13:47:36 ------
schedule_update_user_items
-----02-13-2018 @ 13:57:24 ------
schedule_update_user_items
-----02-13-2018 @ 14:09:29 ------
schedule_update_user_items
-----02-13-2018 @ 14:19:16 ------
schedule_update_user_items
-----02-13-2018 @ 14:26:36 ------
schedule_update_user_items
-----02-13-2018 @ 14:39:28 ------
schedule_update_user_items
-----02-13-2018 @ 14:49:28 ------
schedule_update_user_items
-----02-13-2018 @ 14:57:54 ------
schedule_update_user_items
-----02-13-2018 @ 15:09:45 ------
schedule_update_user_items
-----02-13-2018 @ 15:19:32 ------
schedule_update_user_items
-----02-13-2018 @ 15:27:17 ------
schedule_update_user_items
-----02-13-2018 @ 15:37:45 ------
schedule_update_user_items
-----02-13-2018 @ 15:47:02 ------
schedule_update_user_items
-----02-13-2018 @ 15:56:35 ------
schedule_update_user_items
-----02-13-2018 @ 16:06:44 ------
schedule_update_user_items
